<?xml version="1.0" encoding="UTF-8"?>
<!-- Generated by org.testng.reporters.JUnitReportReporter -->
<testsuite skipped="0" hostname="PABLOF" name="test.TestCRUDAccount" tests="1" failures="0" timestamp="2020-08-21T10:38:46 UYT" time="12.058" errors="0">
  <testcase name="createAccount" time="12.058" classname="test.TestCRUDAccount"/>
  <system-out/>
</testsuite> <!-- test.TestCRUDAccount -->
