<?xml version="1.0" encoding="UTF-8"?>
<!-- Generated by org.testng.reporters.JUnitReportReporter -->
<testsuite skipped="0" hostname="PABLOF" name="test.TestCRUDAccount" tests="1" failures="0" timestamp="2020-08-26T11:52:21 UYT" time="20.075" errors="0">
  <testcase name="createAccount" time="20.075" classname="test.TestCRUDAccount"/>
  <system-out/>
</testsuite> <!-- test.TestCRUDAccount -->
